<?xml version="1.0" encoding="UTF-8"?>
<testsuite name="webapp.webapp.WebappApplicationTests" tests="1" skipped="0" failures="0" errors="0" timestamp="2020-09-17T04:12:49" hostname="huayra" time="0.846">
  <properties/>
  <testcase name="contextLoads()" classname="webapp.webapp.WebappApplicationTests" time="0.846"/>
  <system-out><![CDATA[01:12:42.850 [Test worker] DEBUG org.springframework.test.context.BootstrapUtils - Instantiating CacheAwareContextLoaderDelegate from class [org.springframework.test.context.cache.DefaultCacheAwareContextLoaderDelegate]
01:12:42.874 [Test worker] DEBUG org.springframework.test.context.BootstrapUtils - Instantiating BootstrapContext using constructor [public org.springframework.test.context.support.DefaultBootstrapContext(java.lang.Class,org.springframework.test.context.CacheAwareContextLoaderDelegate)]
01:12:42.942 [Test worker] DEBUG org.springframework.test.context.BootstrapUtils - Instantiating TestContextBootstrapper for test class [webapp.webapp.WebappApplicationTests] from class [org.springframework.boot.test.context.SpringBootTestContextBootstrapper]
01:12:42.976 [Test worker] INFO org.springframework.boot.test.context.SpringBootTestContextBootstrapper - Neither @ContextConfiguration nor @ContextHierarchy found for test class [webapp.webapp.WebappApplicationTests], using SpringBootContextLoader
01:12:42.982 [Test worker] DEBUG org.springframework.test.context.support.AbstractContextLoader - Did not detect default resource location for test class [webapp.webapp.WebappApplicationTests]: class path resource [webapp/webapp/WebappApplicationTests-context.xml] does not exist
01:12:42.984 [Test worker] DEBUG org.springframework.test.context.support.AbstractContextLoader - Did not detect default resource location for test class [webapp.webapp.WebappApplicationTests]: class path resource [webapp/webapp/WebappApplicationTestsContext.groovy] does not exist
01:12:42.985 [Test worker] INFO org.springframework.test.context.support.AbstractContextLoader - Could not detect default resource locations for test class [webapp.webapp.WebappApplicationTests]: no resource found for suffixes {-context.xml, Context.groovy}.
01:12:43.065 [Test worker] DEBUG org.springframework.test.context.support.ActiveProfilesUtils - Could not find an 'annotation declaring class' for annotation type [org.springframework.test.context.ActiveProfiles] and class [webapp.webapp.WebappApplicationTests]
01:12:43.345 [Test worker] DEBUG org.springframework.boot.test.context.SpringBootTestContextBootstrapper - @TestExecutionListeners is not present for class [webapp.webapp.WebappApplicationTests]: using defaults.
01:12:43.347 [Test worker] INFO org.springframework.boot.test.context.SpringBootTestContextBootstrapper - Loaded default TestExecutionListener class names from location [META-INF/spring.factories]: [org.springframework.boot.test.autoconfigure.restdocs.RestDocsTestExecutionListener, org.springframework.boot.test.autoconfigure.web.client.MockRestServiceServerResetTestExecutionListener, org.springframework.boot.test.autoconfigure.web.servlet.MockMvcPrintOnlyOnFailureTestExecutionListener, org.springframework.boot.test.autoconfigure.web.servlet.WebDriverTestExecutionListener, org.springframework.boot.test.autoconfigure.webservices.client.MockWebServiceServerTestExecutionListener, org.springframework.boot.test.mock.mockito.MockitoTestExecutionListener, org.springframework.boot.test.mock.mockito.ResetMocksTestExecutionListener, org.springframework.test.context.web.ServletTestExecutionListener, org.springframework.test.context.support.DirtiesContextBeforeModesTestExecutionListener, org.springframework.test.context.support.DependencyInjectionTestExecutionListener, org.springframework.test.context.support.DirtiesContextTestExecutionListener, org.springframework.test.context.transaction.TransactionalTestExecutionListener, org.springframework.test.context.jdbc.SqlScriptsTestExecutionListener, org.springframework.test.context.event.EventPublishingTestExecutionListener]
01:12:43.363 [Test worker] DEBUG org.springframework.boot.test.context.SpringBootTestContextBootstrapper - Skipping candidate TestExecutionListener [org.springframework.test.context.transaction.TransactionalTestExecutionListener] due to a missing dependency. Specify custom listener classes or make the default listener classes and their required dependencies available. Offending class: [org/springframework/transaction/interceptor/TransactionAttributeSource]
01:12:43.364 [Test worker] DEBUG org.springframework.boot.test.context.SpringBootTestContextBootstrapper - Skipping candidate TestExecutionListener [org.springframework.test.context.jdbc.SqlScriptsTestExecutionListener] due to a missing dependency. Specify custom listener classes or make the default listener classes and their required dependencies available. Offending class: [org/springframework/transaction/interceptor/TransactionAttribute]
01:12:43.365 [Test worker] INFO org.springframework.boot.test.context.SpringBootTestContextBootstrapper - Using TestExecutionListeners: [org.springframework.test.context.web.ServletTestExecutionListener@7d0ef9a1, org.springframework.test.context.support.DirtiesContextBeforeModesTestExecutionListener@426ec7c2, org.springframework.boot.test.mock.mockito.MockitoTestExecutionListener@32a2291b, org.springframework.boot.test.autoconfigure.SpringBootDependencyInjectionTestExecutionListener@20f07d61, org.springframework.test.context.support.DirtiesContextTestExecutionListener@2a395b2f, org.springframework.test.context.event.EventPublishingTestExecutionListener@1eddc97d, org.springframework.boot.test.autoconfigure.restdocs.RestDocsTestExecutionListener@3d14d14c, org.springframework.boot.test.autoconfigure.web.client.MockRestServiceServerResetTestExecutionListener@1e2cb8fa, org.springframework.boot.test.autoconfigure.web.servlet.MockMvcPrintOnlyOnFailureTestExecutionListener@7eac7833, org.springframework.boot.test.autoconfigure.web.servlet.WebDriverTestExecutionListener@ecac0ba, org.springframework.boot.test.autoconfigure.webservices.client.MockWebServiceServerTestExecutionListener@15cffe9e, org.springframework.boot.test.mock.mockito.ResetMocksTestExecutionListener@6e5f7fb5]
01:12:43.372 [Test worker] DEBUG org.springframework.test.context.support.AbstractDirtiesContextTestExecutionListener - Before test class: context [DefaultTestContext@5cfcdccc testClass = WebappApplicationTests, testInstance = [null], testMethod = [null], testException = [null], mergedContextConfiguration = [WebMergedContextConfiguration@217fba72 testClass = WebappApplicationTests, locations = '{}', classes = '{class app.web.WebappApplication, class app.web.WebappApplication}', contextInitializerClasses = '[]', activeProfiles = '{}', propertySourceLocations = '{}', propertySourceProperties = '{org.springframework.boot.test.context.SpringBootTestContextBootstrapper=true}', contextCustomizers = set[org.springframework.boot.test.autoconfigure.properties.PropertyMappingContextCustomizer@0, org.springframework.boot.test.autoconfigure.web.servlet.WebDriverContextCustomizerFactory$Customizer@7958e907, org.springframework.boot.test.context.filter.ExcludeFilterContextCustomizer@1941ca1f, org.springframework.boot.test.json.DuplicateJsonObjectContextCustomizerFactory$DuplicateJsonObjectContextCustomizer@340a96b3, org.springframework.boot.test.mock.mockito.MockitoContextCustomizer@0, org.springframework.boot.test.web.client.TestRestTemplateContextCustomizer@1700db11, org.springframework.boot.test.context.SpringBootTestArgs@1], resourceBasePath = 'src/main/webapp', contextLoader = 'org.springframework.boot.test.context.SpringBootContextLoader', parent = [null]], attributes = map['org.springframework.test.context.web.ServletTestExecutionListener.activateListener' -> true]], class annotated with @DirtiesContext [false] with mode [null].
01:12:43.441 [Test worker] DEBUG org.springframework.test.context.support.TestPropertySourceUtils - Adding inlined properties to environment: {spring.jmx.enabled=false, org.springframework.boot.test.context.SpringBootTestContextBootstrapper=true}

  .   ____          _            __ _ _
 /\\ / ___'_ __ _ _(_)_ __  __ _ \ \ \ \
( ( )\___ | '_ | '_| | '_ \/ _` | \ \ \ \
 \\/  ___)| |_)| | | | | || (_| |  ) ) ) )
  '  |____| .__|_| |_|_| |_\__, | / / / /
 =========|_|==============|___/=/_/_/_/
 :: Spring Boot ::        (v2.3.3.RELEASE)

2020-09-17 01:12:44.308  INFO 25271 --- [    Test worker] webapp.webapp.WebappApplicationTests     : Starting WebappApplicationTests on huayra with PID 25271 (started by alumno in /home/alumno/Escritorio/appweb/appweb)
2020-09-17 01:12:44.312  INFO 25271 --- [    Test worker] webapp.webapp.WebappApplicationTests     : No active profile set, falling back to default profiles: default
2020-09-17 01:12:46.831  INFO 25271 --- [    Test worker] org.mongodb.driver.cluster               : Cluster created with settings {hosts=[localhost:27017], mode=SINGLE, requiredClusterType=UNKNOWN, serverSelectionTimeout='30000 ms', maxWaitQueueSize=500}
2020-09-17 01:12:47.058  INFO 25271 --- [    Test worker] org.mongodb.driver.cluster               : No server chosen by ReadPreferenceServerSelector{readPreference=primary} from cluster description ClusterDescription{type=UNKNOWN, connectionMode=SINGLE, serverDescriptions=[ServerDescription{address=localhost:27017, type=UNKNOWN, state=CONNECTING}]}. Waiting for 30000 ms before timing out
2020-09-17 01:12:47.076  INFO 25271 --- [localhost:27017] org.mongodb.driver.connection            : Opened connection [connectionId{localValue:1, serverValue:1115}] to localhost:27017
2020-09-17 01:12:47.082  INFO 25271 --- [localhost:27017] org.mongodb.driver.cluster               : Monitor thread successfully connected to server with description ServerDescription{address=localhost:27017, type=STANDALONE, state=CONNECTED, ok=true, version=ServerVersion{versionList=[4, 4, 1]}, minWireVersion=0, maxWireVersion=9, maxDocumentSize=16777216, roundTripTimeNanos=1568788}
2020-09-17 01:12:47.096  INFO 25271 --- [    Test worker] org.mongodb.driver.connection            : Opened connection [connectionId{localValue:2, serverValue:1116}] to localhost:27017
2020-09-17 01:12:47.146  INFO 25271 --- [    Test worker] org.mongodb.driver.cluster               : Cluster created with settings {hosts=[localhost:27017], mode=SINGLE, requiredClusterType=UNKNOWN, serverSelectionTimeout='30000 ms', maxWaitQueueSize=500}
2020-09-17 01:12:47.152  INFO 25271 --- [    Test worker] org.mongodb.driver.cluster               : No server chosen by ReadPreferenceServerSelector{readPreference=primary} from cluster description ClusterDescription{type=UNKNOWN, connectionMode=SINGLE, serverDescriptions=[ServerDescription{address=localhost:27017, type=UNKNOWN, state=CONNECTING}]}. Waiting for 30000 ms before timing out
2020-09-17 01:12:47.159  INFO 25271 --- [localhost:27017] org.mongodb.driver.connection            : Opened connection [connectionId{localValue:3, serverValue:1117}] to localhost:27017
2020-09-17 01:12:47.162  INFO 25271 --- [localhost:27017] org.mongodb.driver.cluster               : Monitor thread successfully connected to server with description ServerDescription{address=localhost:27017, type=STANDALONE, state=CONNECTED, ok=true, version=ServerVersion{versionList=[4, 4, 1]}, minWireVersion=0, maxWireVersion=9, maxDocumentSize=16777216, roundTripTimeNanos=2146361}
2020-09-17 01:12:47.170  INFO 25271 --- [    Test worker] org.mongodb.driver.connection            : Opened connection [connectionId{localValue:4, serverValue:1118}] to localhost:27017
2020-09-17 01:12:48.349  INFO 25271 --- [    Test worker] o.s.s.concurrent.ThreadPoolTaskExecutor  : Initializing ExecutorService 'applicationTaskExecutor'
2020-09-17 01:12:48.857  WARN 25271 --- [    Test worker] org.thymeleaf.templatemode.TemplateMode  : [THYMELEAF][Test worker] Template Mode 'HTML5' is deprecated. Using Template Mode 'HTML' instead.
2020-09-17 01:12:49.174  INFO 25271 --- [    Test worker] webapp.webapp.WebappApplicationTests     : Started WebappApplicationTests in 5.717 seconds (JVM running for 7.926)
]]></system-out>
  <system-err><![CDATA[]]></system-err>
</testsuite>
